TN:
SF:src\app.controller.ts
FN:6,(anonymous_2)
FN:9,(anonymous_3)
FNF:2
FNH:2
FNDA:3,(anonymous_2)
FNDA:2,(anonymous_3)
DA:1,1
DA:2,1
DA:5,1
DA:6,3
DA:9,1
DA:10,2
LF:6
LH:6
BRDA:6,0,0,1
BRDA:6,0,1,0
BRDA:6,1,0,1
BRDA:6,1,1,1
BRF:4
BRH:3
end_of_record
TN:
SF:src\app.service.ts
FN:5,(anonymous_1)
FNF:1
FNH:1
FNDA:1,(anonymous_1)
DA:1,2
DA:4,2
DA:6,1
LF:3
LH:3
BRF:0
BRH:0
end_of_record
TN:
SF:src\auth\auth.controller.ts
FN:8,(anonymous_4)
FN:11,(anonymous_5)
FN:16,(anonymous_6)
FNF:3
FNH:3
FNDA:4,(anonymous_4)
FNDA:2,(anonymous_5)
FNDA:2,(anonymous_6)
DA:1,1
DA:2,1
DA:3,1
DA:4,1
DA:7,1
DA:8,4
DA:11,1
DA:12,2
DA:16,1
DA:17,2
LF:10
LH:10
BRDA:11,0,0,1
BRDA:11,0,1,0
BRDA:11,1,0,1
BRDA:11,1,1,1
BRDA:16,2,0,1
BRDA:16,2,1,0
BRDA:16,3,0,1
BRDA:16,3,1,1
BRDA:8,4,0,1
BRDA:8,4,1,0
BRDA:8,5,0,1
BRDA:8,5,1,1
BRF:12
BRH:9
end_of_record
TN:
SF:src\auth\auth.service.ts
FN:13,(anonymous_11)
FN:15,(anonymous_12)
FN:19,(anonymous_13)
FN:44,(anonymous_14)
FN:48,(anonymous_15)
FN:66,(anonymous_16)
FN:67,(anonymous_17)
FN:75,(anonymous_18)
FNF:8
FNH:8
FNDA:8,(anonymous_11)
FNDA:8,(anonymous_12)
FNDA:2,(anonymous_13)
FNDA:5,(anonymous_14)
FNDA:3,(anonymous_15)
FNDA:4,(anonymous_16)
FNDA:1,(anonymous_17)
FNDA:9,(anonymous_18)
DA:1,3
DA:2,3
DA:3,3
DA:9,3
DA:11,8
DA:13,8
DA:16,8
DA:19,8
DA:20,8
DA:21,2
DA:25,6
DA:28,6
DA:35,6
DA:38,6
DA:39,6
DA:41,6
DA:45,5
DA:48,5
DA:49,5
DA:50,2
DA:54,3
DA:55,3
DA:56,2
DA:60,1
DA:61,1
DA:63,1
DA:67,4
DA:68,4
DA:69,3
DA:71,1
DA:76,9
LF:31
LH:31
BRDA:20,0,0,2
BRDA:20,0,1,6
BRDA:49,1,0,2
BRDA:49,1,1,3
BRDA:55,2,0,2
BRDA:55,2,1,1
BRDA:68,3,0,3
BRDA:68,3,1,1
BRDA:13,4,0,3
BRDA:13,4,1,0
BRDA:13,5,0,3
BRDA:13,5,1,3
BRF:12
BRH:11
end_of_record
TN:
SF:src\auth\guards\auth.guard.ts
FNF:0
FNH:0
DA:1,1
DA:2,1
DA:5,1
LF:3
LH:3
BRF:0
BRH:0
end_of_record
TN:
SF:src\auth\strategies\jwt.strategy.ts
FN:8,(anonymous_2)
FN:16,(anonymous_3)
FNF:2
FNH:2
FNDA:3,(anonymous_2)
FNDA:3,(anonymous_3)
DA:1,1
DA:2,1
DA:3,1
DA:4,1
DA:7,1
DA:8,3
DA:9,3
DA:18,3
DA:19,2
LF:9
LH:9
BRDA:8,0,0,1
BRDA:8,0,1,0
BRDA:8,1,0,1
BRDA:8,1,1,1
BRF:4
BRH:3
end_of_record
TN:
SF:src\hello\hello.controller.ts
FN:7,(anonymous_4)
FN:11,(anonymous_5)
FNF:2
FNH:2
FNDA:2,(anonymous_4)
FNDA:2,(anonymous_5)
DA:1,1
DA:2,1
DA:3,1
DA:6,1
DA:7,2
DA:11,1
DA:12,2
LF:7
LH:7
BRDA:7,0,0,1
BRDA:7,0,1,0
BRDA:7,1,0,1
BRDA:7,1,1,1
BRF:4
BRH:3
end_of_record
TN:
SF:src\hello\hello.service.ts
FN:5,(anonymous_1)
FNF:1
FNH:1
FNDA:2,(anonymous_1)
DA:1,2
DA:4,2
DA:6,2
LF:3
LH:3
BRF:0
BRH:0
end_of_record
